[debug] [2025-02-27T00:33:54.198Z] ----------------------------------------------------------------------
[debug] [2025-02-27T00:33:54.200Z] Command:       C:\Program Files\nodejs\node.exe C:\Users\Pc\AppData\Roaming\npm\node_modules\firebase-tools\lib\bin\firebase.js init
[debug] [2025-02-27T00:33:54.201Z] CLI Version:   13.31.2
[debug] [2025-02-27T00:33:54.201Z] Platform:      win32
[debug] [2025-02-27T00:33:54.201Z] Node Version:  v22.14.0
[debug] [2025-02-27T00:33:54.201Z] Time:          Wed Feb 26 2025 21:33:54 GMT-0300 (hora estándar de Argentina)
[debug] [2025-02-27T00:33:54.201Z] ----------------------------------------------------------------------
[debug] 
[debug] [2025-02-27T00:33:54.207Z] > command requires scopes: ["email","openid","https://www.googleapis.com/auth/cloudplatformprojects.readonly","https://www.googleapis.com/auth/firebase","https://www.googleapis.com/auth/cloud-platform"]
[debug] [2025-02-27T00:33:54.207Z] > authorizing via signed-in user (ovelord.monti@gmail.com)
[info] 
     ######## #### ########  ######## ########     ###     ######  ########
     ##        ##  ##     ## ##       ##     ##  ##   ##  ##       ##
     ######    ##  ########  ######   ########  #########  ######  ######
     ##        ##  ##    ##  ##       ##     ## ##     ##       ## ##
     ##       #### ##     ## ######## ########  ##     ##  ######  ########

You're about to initialize a Firebase project in this directory:

  C:\Users\Pc\Desktop\hatm y css\trabajos reales\NHBSDFJBSJBF

[info] 
=== Project Setup
[info] 
[info] First, let's associate this project directory with a Firebase project.
[info] You can create multiple project aliases by running firebase use --add, 
[info] but for now we'll just set up a default project.
[info] 
[debug] [2025-02-27T00:34:12.057Z] Checked if tokens are valid: false, expires at: 1740606681505
[debug] [2025-02-27T00:34:12.057Z] Checked if tokens are valid: false, expires at: 1740606681505
[debug] [2025-02-27T00:34:12.057Z] > refreshing access token with scopes: []
[debug] [2025-02-27T00:34:12.059Z] >>> [apiv2][query] POST https://www.googleapis.com/oauth2/v3/token [none]
[debug] [2025-02-27T00:34:12.059Z] >>> [apiv2][body] POST https://www.googleapis.com/oauth2/v3/token [omitted]
[debug] [2025-02-27T00:34:12.821Z] <<< [apiv2][status] POST https://www.googleapis.com/oauth2/v3/token 200
[debug] [2025-02-27T00:34:12.821Z] <<< [apiv2][body] POST https://www.googleapis.com/oauth2/v3/token [omitted]
[debug] [2025-02-27T00:34:12.828Z] >>> [apiv2][query] GET https://firebase.googleapis.com/v1beta1/projects pageSize=100
[debug] [2025-02-27T00:34:14.090Z] <<< [apiv2][status] GET https://firebase.googleapis.com/v1beta1/projects 200
[debug] [2025-02-27T00:34:14.091Z] <<< [apiv2][body] GET https://firebase.googleapis.com/v1beta1/projects [omitted]
[info] i  Using project fantashop-7ee2f (FantaShop) 
[info] 
=== Hosting Setup
[debug] [2025-02-27T00:34:18.348Z] Checked if tokens are valid: true, expires at: 1740620051821
[debug] [2025-02-27T00:34:18.348Z] Checked if tokens are valid: true, expires at: 1740620051821
[debug] [2025-02-27T00:34:18.348Z] >>> [apiv2][query] GET https://firebase.googleapis.com/v1beta1/projects/fantashop-7ee2f [none]
[debug] [2025-02-27T00:34:18.741Z] <<< [apiv2][status] GET https://firebase.googleapis.com/v1beta1/projects/fantashop-7ee2f 200
[debug] [2025-02-27T00:34:18.742Z] <<< [apiv2][body] GET https://firebase.googleapis.com/v1beta1/projects/fantashop-7ee2f {"projectId":"fantashop-7ee2f","projectNumber":"61274385465","displayName":"FantaShop","name":"projects/fantashop-7ee2f","resources":{"hostingSite":"fantashop-7ee2f"},"state":"ACTIVE","etag":"1_2b9eeac4-0e16-44ec-9d32-22031be0912f"}
[info] 
[info] Your public directory is the folder (relative to your project directory) that
[info] will contain Hosting assets to be uploaded with firebase deploy. If you
[info] have a build process for your assets, use your build's output directory.
[info] 
[debug] [2025-02-27T00:37:33.031Z] >>> [apiv2][query] GET https://www.gstatic.com/firebasejs/releases.json [none]
[debug] [2025-02-27T00:37:33.496Z] <<< [apiv2][status] GET https://www.gstatic.com/firebasejs/releases.json 200
[debug] [2025-02-27T00:37:33.496Z] <<< [apiv2][body] GET https://www.gstatic.com/firebasejs/releases.json {"current":{"version":"11.3.1","browserURL":"https://www.gstatic.com/firebasejs/11.3.1/firebase.js","packageURL":"https://www.gstatic.com/firebasejs/11.3.1/firebase.tgz"},"live":{"version":"11.3","browserURL":"https://www.gstatic.com/firebasejs/live/11.3/firebase.js","packageURL":"https://www.gstatic.com/firebasejs/live/11.3/firebase.tgz"},"components":{"analytics":"https://www.gstatic.com/firebasejs/11.3.1/firebase-analytics.js","app":"https://www.gstatic.com/firebasejs/11.3.1/firebase-app.js","app-check":"https://www.gstatic.com/firebasejs/11.3.1/firebase-app-check.js","auth":"https://www.gstatic.com/firebasejs/11.3.1/firebase-auth.js","auth/cordova":"https://www.gstatic.com/firebasejs/11.3.1/firebase-auth/cordova.js","auth/web-extension":"https://www.gstatic.com/firebasejs/11.3.1/firebase-auth/web-extension.js","functions":"https://www.gstatic.com/firebasejs/11.3.1/firebase-functions.js","firestore":"https://www.gstatic.com/firebasejs/11.3.1/firebase-firestore.js","firestore/lite":"https://www.gstatic.com/firebasejs/11.3.1/firebase-firestore/lite.js","installations":"https://www.gstatic.com/firebasejs/11.3.1/firebase-installations.js","storage":"https://www.gstatic.com/firebasejs/11.3.1/firebase-storage.js","performance":"https://www.gstatic.com/firebasejs/11.3.1/firebase-performance.js","remote-config":"https://www.gstatic.com/firebasejs/11.3.1/firebase-remote-config.js","messaging":"https://www.gstatic.com/firebasejs/11.3.1/firebase-messaging.js","messaging/sw":"https://www.gstatic.com/firebasejs/11.3.1/firebase-messaging/sw.js","database":"https://www.gstatic.com/firebasejs/11.3.1/firebase-database.js","vertexai":"https://www.gstatic.com/firebasejs/11.3.1/firebase-vertexai.js","data-connect":"https://www.gstatic.com/firebasejs/11.3.1/firebase-data-connect.js","firestore.memory":"https://www.gstatic.com/firebasejs/11.3.1/firebase-firestore.memory.js"}}
[info] i  ./index.html is unchanged 
[info] 
[info] i  Didn't detect a .git folder. Assuming C:\Users\Pc\Desktop\hatm y css\trabajos reales\NHBSDFJBSJBF is the project root. 
[info] i  Authorizing with GitHub to upload your service account to a GitHub repository's secrets store. 
[info] 
[info] Visit this URL on this device to log in:
[info] https://github.com/login/oauth/authorize?client_id=89cf50f02ac6aaed3484&state=211393540&redirect_uri=http%3A%2F%2Flocalhost%3A9005&scope=read%3Auser%20repo%20public_repo
[info] 
[info] Waiting for authentication...
[debug] [2025-02-27T00:37:34.907Z] >>> [apiv2][query] POST https://github.com/login/oauth/access_token [none]
[debug] [2025-02-27T00:37:34.907Z] >>> [apiv2][body] POST https://github.com/login/oauth/access_token [stream]
[debug] [2025-02-27T00:37:37.085Z] <<< [apiv2][status] POST https://github.com/login/oauth/access_token 200
[debug] [2025-02-27T00:37:37.085Z] <<< [apiv2][body] POST https://github.com/login/oauth/access_token {"access_token":"","token_type":"bearer","scope":"read:user,repo"}
[debug] [2025-02-27T00:37:37.088Z] >>> [apiv2][query] GET https://api.github.com/user [none]
[debug] [2025-02-27T00:37:38.201Z] <<< [apiv2][status] GET https://api.github.com/user 200
[debug] [2025-02-27T00:37:38.201Z] <<< [apiv2][body] GET https://api.github.com/user {"login":"monti15","id":193753860,"node_id":"U_kgDOC4xzBA","avatar_url":"https://avatars.githubusercontent.com/u/193753860?v=4","gravatar_id":"","url":"https://api.github.com/users/monti15","html_url":"https://github.com/monti15","followers_url":"https://api.github.com/users/monti15/followers","following_url":"https://api.github.com/users/monti15/following{/other_user}","gists_url":"https://api.github.com/users/monti15/gists{/gist_id}","starred_url":"https://api.github.com/users/monti15/starred{/owner}{/repo}","subscriptions_url":"https://api.github.com/users/monti15/subscriptions","organizations_url":"https://api.github.com/users/monti15/orgs","repos_url":"https://api.github.com/users/monti15/repos","events_url":"https://api.github.com/users/monti15/events{/privacy}","received_events_url":"https://api.github.com/users/monti15/received_events","type":"User","user_view_type":"private","site_admin":false,"name":null,"company":null,"blog":"","location":null,"email":null,"hireable":null,"bio":null,"twitter_username":null,"notification_email":null,"public_repos":0,"public_gists":0,"followers":0,"following":0,"created_at":"2025-01-04T23:51:54Z","updated_at":"2025-02-26T21:41:34Z","private_gists":0,"total_private_repos":0,"owned_private_repos":0,"disk_usage":0,"collaborators":0,"two_factor_authentication":false,"plan":{"name":"free","space":976562499,"collaborators":0,"private_repos":10000}}
[info] 
[info] +  Success! Logged into GitHub as monti15 
[info] 
[debug] [2025-02-27T00:42:00.230Z] >>> [apiv2][query] GET https://api.github.com/repos/monti15/NHBSDFJBSJBF/actions/secrets/public-key type=owner
[debug] [2025-02-27T00:42:00.979Z] <<< [apiv2][status] GET https://api.github.com/repos/monti15/NHBSDFJBSJBF/actions/secrets/public-key 404
[debug] [2025-02-27T00:42:00.979Z] <<< [apiv2][body] GET https://api.github.com/repos/monti15/NHBSDFJBSJBF/actions/secrets/public-key {"message":"Not Found","documentation_url":"https://docs.github.com/rest/actions/secrets#get-a-repository-public-key","status":"404"}
[info] 
[info] 
[error] !  The provided authorization cannot be used with this repository. If this repository is in an organization, did you remember to grant access? 
[info] 
[info] i  Action required: Visit this URL to ensure access has been granted to the appropriate organization(s) for the Firebase CLI GitHub OAuth App: 
[info] https://github.com/settings/connections/applications/89cf50f02ac6aaed3484
[info] 
[debug] [2025-02-27T00:42:12.310Z] >>> [apiv2][query] GET https://api.github.com/repos/monti15/NHBSDFJBSJBF/actions/secrets/public-key type=owner
[debug] [2025-02-27T00:42:12.772Z] <<< [apiv2][status] GET https://api.github.com/repos/monti15/NHBSDFJBSJBF/actions/secrets/public-key 404
[debug] [2025-02-27T00:42:12.772Z] <<< [apiv2][body] GET https://api.github.com/repos/monti15/NHBSDFJBSJBF/actions/secrets/public-key {"message":"Not Found","documentation_url":"https://docs.github.com/rest/actions/secrets#get-a-repository-public-key","status":"404"}
[info] 
[info] 
[error] !  The provided authorization cannot be used with this repository. If this repository is in an organization, did you remember to grant access? 
[info] 
[info] i  Action required: Visit this URL to ensure access has been granted to the appropriate organization(s) for the Firebase CLI GitHub OAuth App: 
[info] https://github.com/settings/connections/applications/89cf50f02ac6aaed3484
[info] 
[debug] [2025-02-27T00:42:31.655Z] >>> [apiv2][query] GET https://api.github.com/repos/monti15 NHBSDFJBSJBF/actions/secrets/public-key type=owner
[debug] [2025-02-27T00:42:32.123Z] <<< [apiv2][status] GET https://api.github.com/repos/monti15 NHBSDFJBSJBF/actions/secrets/public-key 404
[debug] [2025-02-27T00:42:32.124Z] <<< [apiv2][body] GET https://api.github.com/repos/monti15 NHBSDFJBSJBF/actions/secrets/public-key {"message":"Not Found","documentation_url":"https://docs.github.com/rest","status":"404"}
[info] 
[info] 
[error] !  The provided authorization cannot be used with this repository. If this repository is in an organization, did you remember to grant access? 
[info] 
[info] i  Action required: Visit this URL to ensure access has been granted to the appropriate organization(s) for the Firebase CLI GitHub OAuth App: 
[info] https://github.com/settings/connections/applications/89cf50f02ac6aaed3484
[info] 
[debug] [2025-02-27T00:42:56.679Z] >>> [apiv2][query] GET https://api.github.com/repos/monti15/actions/secrets/public-key type=owner
[debug] [2025-02-27T00:42:57.612Z] <<< [apiv2][status] GET https://api.github.com/repos/monti15/actions/secrets/public-key 404
[debug] [2025-02-27T00:42:57.612Z] <<< [apiv2][body] GET https://api.github.com/repos/monti15/actions/secrets/public-key {"message":"Not Found","documentation_url":"https://docs.github.com/rest","status":"404"}
[info] 
[info] 
[error] !  The provided authorization cannot be used with this repository. If this repository is in an organization, did you remember to grant access? 
[info] 
[info] i  Action required: Visit this URL to ensure access has been granted to the appropriate organization(s) for the Firebase CLI GitHub OAuth App: 
[info] https://github.com/settings/connections/applications/89cf50f02ac6aaed3484
[info] 
[debug] [2025-02-27T00:42:59.518Z] >>> [apiv2][query] GET https://api.github.com/repos/monti15/actions/secrets/public-key type=owner
[debug] [2025-02-27T00:42:59.749Z] >>> [apiv2][query] GET https://api.github.com/repos//actions/secrets/public-key type=owner
[debug] [2025-02-27T00:42:59.792Z] <<< [apiv2][status] GET https://api.github.com/repos/monti15/actions/secrets/public-key 404
[debug] [2025-02-27T00:42:59.792Z] <<< [apiv2][body] GET https://api.github.com/repos/monti15/actions/secrets/public-key {"message":"Not Found","documentation_url":"https://docs.github.com/rest","status":"404"}
[info] 
[info] 
[error] !  The provided authorization cannot be used with this repository. If this repository is in an organization, did you remember to grant access? 
[info] 
[info] i  Action required: Visit this URL to ensure access has been granted to the appropriate organization(s) for the Firebase CLI GitHub OAuth App: 
[info] https://github.com/settings/connections/applications/89cf50f02ac6aaed3484
[info] 
[debug] [2025-02-27T00:42:59.974Z] >>> [apiv2][query] GET https://api.github.com/repos/monti15/actions/secrets/public-key type=owner
[debug] [2025-02-27T00:43:00.182Z] >>> [apiv2][query] GET https://api.github.com/repos//actions/secrets/public-key type=owner
[debug] [2025-02-27T00:43:00.214Z] <<< [apiv2][status] GET https://api.github.com/repos//actions/secrets/public-key 404
[debug] [2025-02-27T00:43:00.214Z] <<< [apiv2][body] GET https://api.github.com/repos//actions/secrets/public-key {"message":"Not Found","documentation_url":"https://docs.github.com/rest","status":"404"}
[info] 
[info] 
[error] !  The provided authorization cannot be used with this repository. If this repository is in an organization, did you remember to grant access? 
[info] 
[info] i  Action required: Visit this URL to ensure access has been granted to the appropriate organization(s) for the Firebase CLI GitHub OAuth App: 
[info] https://github.com/settings/connections/applications/89cf50f02ac6aaed3484
[info] 
[debug] [2025-02-27T00:43:00.238Z] <<< [apiv2][status] GET https://api.github.com/repos/monti15/actions/secrets/public-key 404
[debug] [2025-02-27T00:43:00.238Z] <<< [apiv2][body] GET https://api.github.com/repos/monti15/actions/secrets/public-key {"message":"Not Found","documentation_url":"https://docs.github.com/rest","status":"404"}
[info] 
[info] 
[error] !  The provided authorization cannot be used with this repository. If this repository is in an organization, did you remember to grant access? 
[info] 
[info] i  Action required: Visit this URL to ensure access has been granted to the appropriate organization(s) for the Firebase CLI GitHub OAuth App: 
[info] https://github.com/settings/connections/applications/89cf50f02ac6aaed3484
[info] 
[debug] [2025-02-27T00:43:00.405Z] >>> [apiv2][query] GET https://api.github.com/repos/monti15/actions/secrets/public-key type=owner
[debug] [2025-02-27T00:43:00.605Z] >>> [apiv2][query] GET https://api.github.com/repos//actions/secrets/public-key type=owner
[debug] [2025-02-27T00:43:00.661Z] <<< [apiv2][status] GET https://api.github.com/repos/monti15/actions/secrets/public-key 404
[debug] [2025-02-27T00:43:00.661Z] <<< [apiv2][body] GET https://api.github.com/repos/monti15/actions/secrets/public-key {"message":"Not Found","documentation_url":"https://docs.github.com/rest","status":"404"}
[info] 
[info] 
[error] !  The provided authorization cannot be used with this repository. If this repository is in an organization, did you remember to grant access? 
[info] 
[info] i  Action required: Visit this URL to ensure access has been granted to the appropriate organization(s) for the Firebase CLI GitHub OAuth App: 
[info] https://github.com/settings/connections/applications/89cf50f02ac6aaed3484
[info] 
[debug] [2025-02-27T00:43:00.692Z] <<< [apiv2][status] GET https://api.github.com/repos//actions/secrets/public-key 404
[debug] [2025-02-27T00:43:00.692Z] <<< [apiv2][body] GET https://api.github.com/repos//actions/secrets/public-key {"message":"Not Found","documentation_url":"https://docs.github.com/rest","status":"404"}
[info] 
[info] 
[error] !  The provided authorization cannot be used with this repository. If this repository is in an organization, did you remember to grant access? 
[info] 
[info] i  Action required: Visit this URL to ensure access has been granted to the appropriate organization(s) for the Firebase CLI GitHub OAuth App: 
[info] https://github.com/settings/connections/applications/89cf50f02ac6aaed3484
[info] 
[debug] [2025-02-27T00:43:00.814Z] >>> [apiv2][query] GET https://api.github.com/repos/monti15/actions/secrets/public-key type=owner
[debug] [2025-02-27T00:43:00.858Z] <<< [apiv2][status] GET https://api.github.com/repos//actions/secrets/public-key 404
[debug] [2025-02-27T00:43:00.858Z] <<< [apiv2][body] GET https://api.github.com/repos//actions/secrets/public-key {"message":"Not Found","documentation_url":"https://docs.github.com/rest","status":"404"}
[info] 
[info] 
[error] !  The provided authorization cannot be used with this repository. If this repository is in an organization, did you remember to grant access? 
[info] 
[info] i  Action required: Visit this URL to ensure access has been granted to the appropriate organization(s) for the Firebase CLI GitHub OAuth App: 
[info] https://github.com/settings/connections/applications/89cf50f02ac6aaed3484
[info] 
[debug] [2025-02-27T00:43:01.022Z] >>> [apiv2][query] GET https://api.github.com/repos//actions/secrets/public-key type=owner
[debug] [2025-02-27T00:43:01.066Z] <<< [apiv2][status] GET https://api.github.com/repos/monti15/actions/secrets/public-key 404
[debug] [2025-02-27T00:43:01.066Z] <<< [apiv2][body] GET https://api.github.com/repos/monti15/actions/secrets/public-key {"message":"Not Found","documentation_url":"https://docs.github.com/rest","status":"404"}
[info] 
[info] 
[error] !  The provided authorization cannot be used with this repository. If this repository is in an organization, did you remember to grant access? 
[info] 
[info] i  Action required: Visit this URL to ensure access has been granted to the appropriate organization(s) for the Firebase CLI GitHub OAuth App: 
[info] https://github.com/settings/connections/applications/89cf50f02ac6aaed3484
[info] 
[debug] [2025-02-27T00:43:01.213Z] >>> [apiv2][query] GET https://api.github.com/repos/monti15/actions/secrets/public-key type=owner
[debug] [2025-02-27T00:43:01.340Z] <<< [apiv2][status] GET https://api.github.com/repos//actions/secrets/public-key 404
[debug] [2025-02-27T00:43:01.340Z] <<< [apiv2][body] GET https://api.github.com/repos//actions/secrets/public-key {"message":"Not Found","documentation_url":"https://docs.github.com/rest","status":"404"}
[info] 
[info] 
[error] !  The provided authorization cannot be used with this repository. If this repository is in an organization, did you remember to grant access? 
[info] 
[info] i  Action required: Visit this URL to ensure access has been granted to the appropriate organization(s) for the Firebase CLI GitHub OAuth App: 
[info] https://github.com/settings/connections/applications/89cf50f02ac6aaed3484
[info] 
[debug] [2025-02-27T00:43:01.488Z] <<< [apiv2][status] GET https://api.github.com/repos/monti15/actions/secrets/public-key 404
[debug] [2025-02-27T00:43:01.488Z] <<< [apiv2][body] GET https://api.github.com/repos/monti15/actions/secrets/public-key {"message":"Not Found","documentation_url":"https://docs.github.com/rest","status":"404"}
[info] 
[info] 
[error] !  The provided authorization cannot be used with this repository. If this repository is in an organization, did you remember to grant access? 
[info] 
[info] i  Action required: Visit this URL to ensure access has been granted to the appropriate organization(s) for the Firebase CLI GitHub OAuth App: 
[info] https://github.com/settings/connections/applications/89cf50f02ac6aaed3484
[info] 
[debug] [2025-02-27T00:43:05.701Z] >>> [apiv2][query] GET https://api.github.com/repos/monti15/NHBSDFJBSJBF/actions/secrets/public-key type=owner
[debug] [2025-02-27T00:43:05.958Z] <<< [apiv2][status] GET https://api.github.com/repos/monti15/NHBSDFJBSJBF/actions/secrets/public-key 404
[debug] [2025-02-27T00:43:05.958Z] <<< [apiv2][body] GET https://api.github.com/repos/monti15/NHBSDFJBSJBF/actions/secrets/public-key {"message":"Not Found","documentation_url":"https://docs.github.com/rest/actions/secrets#get-a-repository-public-key","status":"404"}
[info] 
[info] 
[error] !  The provided authorization cannot be used with this repository. If this repository is in an organization, did you remember to grant access? 
[info] 
[info] i  Action required: Visit this URL to ensure access has been granted to the appropriate organization(s) for the Firebase CLI GitHub OAuth App: 
[info] https://github.com/settings/connections/applications/89cf50f02ac6aaed3484
[info] 
[debug] [2025-02-27T00:43:06.630Z] >>> [apiv2][query] GET https://api.github.com/repos/monti15/NHBSDFJBSJBF/actions/secrets/public-key type=owner
[debug] [2025-02-27T00:43:06.837Z] >>> [apiv2][query] GET https://api.github.com/repos//actions/secrets/public-key type=owner
[debug] [2025-02-27T00:43:06.891Z] <<< [apiv2][status] GET https://api.github.com/repos/monti15/NHBSDFJBSJBF/actions/secrets/public-key 404
[debug] [2025-02-27T00:43:06.891Z] <<< [apiv2][body] GET https://api.github.com/repos/monti15/NHBSDFJBSJBF/actions/secrets/public-key {"message":"Not Found","documentation_url":"https://docs.github.com/rest/actions/secrets#get-a-repository-public-key","status":"404"}
[info] 
[info] 
[error] !  The provided authorization cannot be used with this repository. If this repository is in an organization, did you remember to grant access? 
[info] 
[info] i  Action required: Visit this URL to ensure access has been granted to the appropriate organization(s) for the Firebase CLI GitHub OAuth App: 
[info] https://github.com/settings/connections/applications/89cf50f02ac6aaed3484
[info] 
[debug] [2025-02-27T00:43:07.029Z] >>> [apiv2][query] GET https://api.github.com/repos/monti15/NHBSDFJBSJBF/actions/secrets/public-key type=owner
[debug] [2025-02-27T00:43:07.231Z] >>> [apiv2][query] GET https://api.github.com/repos//actions/secrets/public-key type=owner
[debug] [2025-02-27T00:43:07.306Z] <<< [apiv2][status] GET https://api.github.com/repos/monti15/NHBSDFJBSJBF/actions/secrets/public-key 404
[debug] [2025-02-27T00:43:07.306Z] <<< [apiv2][body] GET https://api.github.com/repos/monti15/NHBSDFJBSJBF/actions/secrets/public-key {"message":"Not Found","documentation_url":"https://docs.github.com/rest/actions/secrets#get-a-repository-public-key","status":"404"}
[info] 
[info] 
[error] !  The provided authorization cannot be used with this repository. If this repository is in an organization, did you remember to grant access? 
[info] 
[info] i  Action required: Visit this URL to ensure access has been granted to the appropriate organization(s) for the Firebase CLI GitHub OAuth App: 
[info] https://github.com/settings/connections/applications/89cf50f02ac6aaed3484
[info] 
[debug] [2025-02-27T00:43:07.430Z] >>> [apiv2][query] GET https://api.github.com/repos/monti15/NHBSDFJBSJBF/actions/secrets/public-key type=owner
[debug] [2025-02-27T00:43:07.645Z] >>> [apiv2][query] GET https://api.github.com/repos//actions/secrets/public-key type=owner
[debug] [2025-02-27T00:43:07.813Z] >>> [apiv2][query] GET https://api.github.com/repos//actions/secrets/public-key type=owner
[debug] [2025-02-27T00:43:08.013Z] >>> [apiv2][query] GET https://api.github.com/repos//actions/secrets/public-key type=owner
[debug] [2025-02-27T00:43:08.213Z] >>> [apiv2][query] GET https://api.github.com/repos//actions/secrets/public-key type=owner
[debug] [2025-02-27T00:43:08.306Z] <<< [apiv2][status] GET https://api.github.com/repos//actions/secrets/public-key 404
[debug] [2025-02-27T00:43:08.306Z] <<< [apiv2][body] GET https://api.github.com/repos//actions/secrets/public-key {"message":"Not Found","documentation_url":"https://docs.github.com/rest","status":"404"}
[info] 
[info] 
[error] !  The provided authorization cannot be used with this repository. If this repository is in an organization, did you remember to grant access? 
[info] 
[info] i  Action required: Visit this URL to ensure access has been granted to the appropriate organization(s) for the Firebase CLI GitHub OAuth App: 
[info] https://github.com/settings/connections/applications/89cf50f02ac6aaed3484
[info] 
[debug] [2025-02-27T00:43:08.336Z] <<< [apiv2][status] GET https://api.github.com/repos/monti15/NHBSDFJBSJBF/actions/secrets/public-key 404
[debug] [2025-02-27T00:43:08.336Z] <<< [apiv2][body] GET https://api.github.com/repos/monti15/NHBSDFJBSJBF/actions/secrets/public-key {"message":"Not Found","documentation_url":"https://docs.github.com/rest/actions/secrets#get-a-repository-public-key","status":"404"}
[info] 
[info] 
[error] !  The provided authorization cannot be used with this repository. If this repository is in an organization, did you remember to grant access? 
[info] 
[info] i  Action required: Visit this URL to ensure access has been granted to the appropriate organization(s) for the Firebase CLI GitHub OAuth App: 
[info] https://github.com/settings/connections/applications/89cf50f02ac6aaed3484
[info] 
[debug] [2025-02-27T00:43:08.786Z] <<< [apiv2][status] GET https://api.github.com/repos//actions/secrets/public-key 404
[debug] [2025-02-27T00:43:08.786Z] <<< [apiv2][body] GET https://api.github.com/repos//actions/secrets/public-key {"message":"Not Found","documentation_url":"https://docs.github.com/rest","status":"404"}
[info] 
[info] 
[error] !  The provided authorization cannot be used with this repository. If this repository is in an organization, did you remember to grant access? 
[info] 
[info] i  Action required: Visit this URL to ensure access has been granted to the appropriate organization(s) for the Firebase CLI GitHub OAuth App: 
[info] https://github.com/settings/connections/applications/89cf50f02ac6aaed3484
[info] 
[debug] [2025-02-27T00:43:08.790Z] <<< [apiv2][status] GET https://api.github.com/repos//actions/secrets/public-key 404
[debug] [2025-02-27T00:43:08.790Z] <<< [apiv2][body] GET https://api.github.com/repos//actions/secrets/public-key {"message":"Not Found","documentation_url":"https://docs.github.com/rest","status":"404"}
[info] 
[info] 
[error] !  The provided authorization cannot be used with this repository. If this repository is in an organization, did you remember to grant access? 
[info] 
[info] i  Action required: Visit this URL to ensure access has been granted to the appropriate organization(s) for the Firebase CLI GitHub OAuth App: 
[info] https://github.com/settings/connections/applications/89cf50f02ac6aaed3484
[info] 
[debug] [2025-02-27T00:43:08.793Z] <<< [apiv2][status] GET https://api.github.com/repos//actions/secrets/public-key 404
[debug] [2025-02-27T00:43:08.793Z] <<< [apiv2][body] GET https://api.github.com/repos//actions/secrets/public-key {"message":"Not Found","documentation_url":"https://docs.github.com/rest","status":"404"}
[info] 
[info] 
[error] !  The provided authorization cannot be used with this repository. If this repository is in an organization, did you remember to grant access? 
[info] 
[info] i  Action required: Visit this URL to ensure access has been granted to the appropriate organization(s) for the Firebase CLI GitHub OAuth App: 
[info] https://github.com/settings/connections/applications/89cf50f02ac6aaed3484
[info] 
[debug] [2025-02-27T00:43:08.794Z] <<< [apiv2][status] GET https://api.github.com/repos//actions/secrets/public-key 404
[debug] [2025-02-27T00:43:08.794Z] <<< [apiv2][body] GET https://api.github.com/repos//actions/secrets/public-key {"message":"Not Found","documentation_url":"https://docs.github.com/rest","status":"404"}
[info] 
[info] 
[error] !  The provided authorization cannot be used with this repository. If this repository is in an organization, did you remember to grant access? 
[info] 
[info] i  Action required: Visit this URL to ensure access has been granted to the appropriate organization(s) for the Firebase CLI GitHub OAuth App: 
[info] https://github.com/settings/connections/applications/89cf50f02ac6aaed3484
[info] 
[debug] [2025-02-27T00:43:08.906Z] <<< [apiv2][status] GET https://api.github.com/repos//actions/secrets/public-key 404
[debug] [2025-02-27T00:43:08.906Z] <<< [apiv2][body] GET https://api.github.com/repos//actions/secrets/public-key {"message":"Not Found","documentation_url":"https://docs.github.com/rest","status":"404"}
[info] 
[info] 
[error] !  The provided authorization cannot be used with this repository. If this repository is in an organization, did you remember to grant access? 
[info] 
[info] i  Action required: Visit this URL to ensure access has been granted to the appropriate organization(s) for the Firebase CLI GitHub OAuth App: 
[info] https://github.com/settings/connections/applications/89cf50f02ac6aaed3484
[info] 
[debug] [2025-02-27T00:43:08.965Z] >>> [apiv2][query] GET https://api.github.com/repos/monti15/NHBSDFJBSJBF/actions/secrets/public-key type=owner
[debug] [2025-02-27T00:43:09.157Z] >>> [apiv2][query] GET https://api.github.com/repos//actions/secrets/public-key type=owner
[debug] [2025-02-27T00:43:09.214Z] <<< [apiv2][status] GET https://api.github.com/repos/monti15/NHBSDFJBSJBF/actions/secrets/public-key 404
[debug] [2025-02-27T00:43:09.214Z] <<< [apiv2][body] GET https://api.github.com/repos/monti15/NHBSDFJBSJBF/actions/secrets/public-key {"message":"Not Found","documentation_url":"https://docs.github.com/rest/actions/secrets#get-a-repository-public-key","status":"404"}
[info] 
[info] 
[error] !  The provided authorization cannot be used with this repository. If this repository is in an organization, did you remember to grant access? 
[info] 
[info] i  Action required: Visit this URL to ensure access has been granted to the appropriate organization(s) for the Firebase CLI GitHub OAuth App: 
[info] https://github.com/settings/connections/applications/89cf50f02ac6aaed3484
[info] 
[debug] [2025-02-27T00:43:09.350Z] >>> [apiv2][query] GET https://api.github.com/repos/monti15/NHBSDFJBSJBF/actions/secrets/public-key type=owner
[debug] [2025-02-27T00:43:09.469Z] <<< [apiv2][status] GET https://api.github.com/repos//actions/secrets/public-key 404
[debug] [2025-02-27T00:43:09.469Z] <<< [apiv2][body] GET https://api.github.com/repos//actions/secrets/public-key {"message":"Not Found","documentation_url":"https://docs.github.com/rest","status":"404"}
[info] 
[info] 
[error] !  The provided authorization cannot be used with this repository. If this repository is in an organization, did you remember to grant access? 
[info] 
[info] i  Action required: Visit this URL to ensure access has been granted to the appropriate organization(s) for the Firebase CLI GitHub OAuth App: 
[info] https://github.com/settings/connections/applications/89cf50f02ac6aaed3484
[info] 
[debug] [2025-02-27T00:43:09.565Z] >>> [apiv2][query] GET https://api.github.com/repos//actions/secrets/public-key type=owner
[debug] [2025-02-27T00:43:09.638Z] <<< [apiv2][status] GET https://api.github.com/repos/monti15/NHBSDFJBSJBF/actions/secrets/public-key 404
[debug] [2025-02-27T00:43:09.638Z] <<< [apiv2][body] GET https://api.github.com/repos/monti15/NHBSDFJBSJBF/actions/secrets/public-key {"message":"Not Found","documentation_url":"https://docs.github.com/rest/actions/secrets#get-a-repository-public-key","status":"404"}
[info] 
[info] 
[error] !  The provided authorization cannot be used with this repository. If this repository is in an organization, did you remember to grant access? 
[info] 
[info] i  Action required: Visit this URL to ensure access has been granted to the appropriate organization(s) for the Firebase CLI GitHub OAuth App: 
[info] https://github.com/settings/connections/applications/89cf50f02ac6aaed3484
[info] 
[debug] [2025-02-27T00:43:09.766Z] >>> [apiv2][query] GET https://api.github.com/repos/monti15/NHBSDFJBSJBF/actions/secrets/public-key type=owner
[debug] [2025-02-27T00:43:09.808Z] <<< [apiv2][status] GET https://api.github.com/repos//actions/secrets/public-key 404
[debug] [2025-02-27T00:43:09.808Z] <<< [apiv2][body] GET https://api.github.com/repos//actions/secrets/public-key {"message":"Not Found","documentation_url":"https://docs.github.com/rest","status":"404"}
[info] 
[info] 
[error] !  The provided authorization cannot be used with this repository. If this repository is in an organization, did you remember to grant access? 
[info] 
[info] i  Action required: Visit this URL to ensure access has been granted to the appropriate organization(s) for the Firebase CLI GitHub OAuth App: 
[info] https://github.com/settings/connections/applications/89cf50f02ac6aaed3484
[info] 
[debug] [2025-02-27T00:43:09.957Z] >>> [apiv2][query] GET https://api.github.com/repos//actions/secrets/public-key type=owner
[debug] [2025-02-27T00:43:10.011Z] <<< [apiv2][status] GET https://api.github.com/repos/monti15/NHBSDFJBSJBF/actions/secrets/public-key 404
[debug] [2025-02-27T00:43:10.011Z] <<< [apiv2][body] GET https://api.github.com/repos/monti15/NHBSDFJBSJBF/actions/secrets/public-key {"message":"Not Found","documentation_url":"https://docs.github.com/rest/actions/secrets#get-a-repository-public-key","status":"404"}
[info] 
[info] 
[error] !  The provided authorization cannot be used with this repository. If this repository is in an organization, did you remember to grant access? 
[info] 
[info] i  Action required: Visit this URL to ensure access has been granted to the appropriate organization(s) for the Firebase CLI GitHub OAuth App: 
[info] https://github.com/settings/connections/applications/89cf50f02ac6aaed3484
[info] 
[debug] [2025-02-27T00:43:10.157Z] >>> [apiv2][query] GET https://api.github.com/repos/monti15/NHBSDFJBSJBF/actions/secrets/public-key type=owner
[debug] [2025-02-27T00:43:10.226Z] <<< [apiv2][status] GET https://api.github.com/repos//actions/secrets/public-key 404
[debug] [2025-02-27T00:43:10.226Z] <<< [apiv2][body] GET https://api.github.com/repos//actions/secrets/public-key {"message":"Not Found","documentation_url":"https://docs.github.com/rest","status":"404"}
[info] 
[info] 
[error] !  The provided authorization cannot be used with this repository. If this repository is in an organization, did you remember to grant access? 
[info] 
[info] i  Action required: Visit this URL to ensure access has been granted to the appropriate organization(s) for the Firebase CLI GitHub OAuth App: 
[info] https://github.com/settings/connections/applications/89cf50f02ac6aaed3484
[info] 
[debug] [2025-02-27T00:43:10.334Z] >>> [apiv2][query] GET https://api.github.com/repos//actions/secrets/public-key type=owner
[debug] [2025-02-27T00:43:10.416Z] <<< [apiv2][status] GET https://api.github.com/repos/monti15/NHBSDFJBSJBF/actions/secrets/public-key 404
[debug] [2025-02-27T00:43:10.416Z] <<< [apiv2][body] GET https://api.github.com/repos/monti15/NHBSDFJBSJBF/actions/secrets/public-key {"message":"Not Found","documentation_url":"https://docs.github.com/rest/actions/secrets#get-a-repository-public-key","status":"404"}
[info] 
[info] 
[error] !  The provided authorization cannot be used with this repository. If this repository is in an organization, did you remember to grant access? 
[info] 
[info] i  Action required: Visit this URL to ensure access has been granted to the appropriate organization(s) for the Firebase CLI GitHub OAuth App: 
[info] https://github.com/settings/connections/applications/89cf50f02ac6aaed3484
[info] 
[debug] [2025-02-27T00:43:10.542Z] >>> [apiv2][query] GET https://api.github.com/repos/monti15/NHBSDFJBSJBF/actions/secrets/public-key type=owner
[debug] [2025-02-27T00:43:10.590Z] <<< [apiv2][status] GET https://api.github.com/repos//actions/secrets/public-key 404
[debug] [2025-02-27T00:43:10.590Z] <<< [apiv2][body] GET https://api.github.com/repos//actions/secrets/public-key {"message":"Not Found","documentation_url":"https://docs.github.com/rest","status":"404"}
[info] 
[info] 
[error] !  The provided authorization cannot be used with this repository. If this repository is in an organization, did you remember to grant access? 
[info] 
[info] i  Action required: Visit this URL to ensure access has been granted to the appropriate organization(s) for the Firebase CLI GitHub OAuth App: 
[info] https://github.com/settings/connections/applications/89cf50f02ac6aaed3484
[info] 
[debug] [2025-02-27T00:43:10.750Z] >>> [apiv2][query] GET https://api.github.com/repos//actions/secrets/public-key type=owner
[debug] [2025-02-27T00:43:10.879Z] <<< [apiv2][status] GET https://api.github.com/repos/monti15/NHBSDFJBSJBF/actions/secrets/public-key 404
[debug] [2025-02-27T00:43:10.879Z] <<< [apiv2][body] GET https://api.github.com/repos/monti15/NHBSDFJBSJBF/actions/secrets/public-key {"message":"Not Found","documentation_url":"https://docs.github.com/rest/actions/secrets#get-a-repository-public-key","status":"404"}
[info] 
[info] 
[error] !  The provided authorization cannot be used with this repository. If this repository is in an organization, did you remember to grant access? 
[info] 
[info] i  Action required: Visit this URL to ensure access has been granted to the appropriate organization(s) for the Firebase CLI GitHub OAuth App: 
[info] https://github.com/settings/connections/applications/89cf50f02ac6aaed3484
[info] 
[debug] [2025-02-27T00:43:10.965Z] >>> [apiv2][query] GET https://api.github.com/repos/monti15/NHBSDFJBSJBF/actions/secrets/public-key type=owner
[debug] [2025-02-27T00:43:11.008Z] <<< [apiv2][status] GET https://api.github.com/repos//actions/secrets/public-key 404
[debug] [2025-02-27T00:43:11.008Z] <<< [apiv2][body] GET https://api.github.com/repos//actions/secrets/public-key {"message":"Not Found","documentation_url":"https://docs.github.com/rest","status":"404"}
[info] 
[info] 
[error] !  The provided authorization cannot be used with this repository. If this repository is in an organization, did you remember to grant access? 
[info] 
[info] i  Action required: Visit this URL to ensure access has been granted to the appropriate organization(s) for the Firebase CLI GitHub OAuth App: 
[info] https://github.com/settings/connections/applications/89cf50f02ac6aaed3484
[info] 
[debug] [2025-02-27T00:43:11.182Z] >>> [apiv2][query] GET https://api.github.com/repos//actions/secrets/public-key type=owner
[debug] [2025-02-27T00:43:11.252Z] <<< [apiv2][status] GET https://api.github.com/repos/monti15/NHBSDFJBSJBF/actions/secrets/public-key 404
[debug] [2025-02-27T00:43:11.252Z] <<< [apiv2][body] GET https://api.github.com/repos/monti15/NHBSDFJBSJBF/actions/secrets/public-key {"message":"Not Found","documentation_url":"https://docs.github.com/rest/actions/secrets#get-a-repository-public-key","status":"404"}
[info] 
[info] 
[error] !  The provided authorization cannot be used with this repository. If this repository is in an organization, did you remember to grant access? 
[info] 
[info] i  Action required: Visit this URL to ensure access has been granted to the appropriate organization(s) for the Firebase CLI GitHub OAuth App: 
[info] https://github.com/settings/connections/applications/89cf50f02ac6aaed3484
[info] 
[debug] [2025-02-27T00:43:11.405Z] >>> [apiv2][query] GET https://api.github.com/repos/monti15/NHBSDFJBSJBF/actions/secrets/public-key type=owner
[debug] [2025-02-27T00:43:11.421Z] <<< [apiv2][status] GET https://api.github.com/repos//actions/secrets/public-key 404
[debug] [2025-02-27T00:43:11.421Z] <<< [apiv2][body] GET https://api.github.com/repos//actions/secrets/public-key {"message":"Not Found","documentation_url":"https://docs.github.com/rest","status":"404"}
[info] 
[info] 
[error] !  The provided authorization cannot be used with this repository. If this repository is in an organization, did you remember to grant access? 
[info] 
[info] i  Action required: Visit this URL to ensure access has been granted to the appropriate organization(s) for the Firebase CLI GitHub OAuth App: 
[info] https://github.com/settings/connections/applications/89cf50f02ac6aaed3484
[info] 
[debug] [2025-02-27T00:43:11.652Z] <<< [apiv2][status] GET https://api.github.com/repos/monti15/NHBSDFJBSJBF/actions/secrets/public-key 404
[debug] [2025-02-27T00:43:11.652Z] <<< [apiv2][body] GET https://api.github.com/repos/monti15/NHBSDFJBSJBF/actions/secrets/public-key {"message":"Not Found","documentation_url":"https://docs.github.com/rest/actions/secrets#get-a-repository-public-key","status":"404"}
[info] 
[info] 
[error] !  The provided authorization cannot be used with this repository. If this repository is in an organization, did you remember to grant access? 
[info] 
[info] i  Action required: Visit this URL to ensure access has been granted to the appropriate organization(s) for the Firebase CLI GitHub OAuth App: 
[info] https://github.com/settings/connections/applications/89cf50f02ac6aaed3484
[info] 
[debug] [2025-02-27T00:43:11.661Z] >>> [apiv2][query] GET https://api.github.com/repos/monti15/NHBSDFJBSJBF/actions/secrets/public-key type=owner
[debug] [2025-02-27T00:43:11.917Z] <<< [apiv2][status] GET https://api.github.com/repos/monti15/NHBSDFJBSJBF/actions/secrets/public-key 404
[debug] [2025-02-27T00:43:11.918Z] <<< [apiv2][body] GET https://api.github.com/repos/monti15/NHBSDFJBSJBF/actions/secrets/public-key {"message":"Not Found","documentation_url":"https://docs.github.com/rest/actions/secrets#get-a-repository-public-key","status":"404"}
[info] 
[info] 
[error] !  The provided authorization cannot be used with this repository. If this repository is in an organization, did you remember to grant access? 
[info] 
[info] i  Action required: Visit this URL to ensure access has been granted to the appropriate organization(s) for the Firebase CLI GitHub OAuth App: 
[info] https://github.com/settings/connections/applications/89cf50f02ac6aaed3484
[info] 
[debug] [2025-02-27T00:43:36.078Z] >>> [apiv2][query] GET https://api.github.com/repos/monti15/NHBSDFJBSJBF/actions/secrets/public-key type=owner
[debug] [2025-02-27T00:43:36.572Z] <<< [apiv2][status] GET https://api.github.com/repos/monti15/NHBSDFJBSJBF/actions/secrets/public-key 401
[debug] [2025-02-27T00:43:36.572Z] <<< [apiv2][body] GET https://api.github.com/repos/monti15/NHBSDFJBSJBF/actions/secrets/public-key {"message":"Bad credentials","documentation_url":"https://docs.github.com/rest","status":"401"}
[debug] [2025-02-27T00:43:37.774Z] >>> [apiv2][query] GET https://api.github.com/repos/monti15/NHBSDFJBSJBF/actions/secrets/public-key type=owner
[debug] [2025-02-27T00:43:38.017Z] <<< [apiv2][status] GET https://api.github.com/repos/monti15/NHBSDFJBSJBF/actions/secrets/public-key 401
[debug] [2025-02-27T00:43:38.017Z] <<< [apiv2][body] GET https://api.github.com/repos/monti15/NHBSDFJBSJBF/actions/secrets/public-key {"message":"Bad credentials","documentation_url":"https://docs.github.com/rest","status":"401"}
[debug] [2025-02-27T00:44:17.150Z] >>> [apiv2][query] GET https://api.github.com/repos/monti15/NHBSDFJBSJBF/actions/secrets/public-key type=owner
[debug] [2025-02-27T00:44:18.344Z] <<< [apiv2][status] GET https://api.github.com/repos/monti15/NHBSDFJBSJBF/actions/secrets/public-key 401
[debug] [2025-02-27T00:44:18.344Z] <<< [apiv2][body] GET https://api.github.com/repos/monti15/NHBSDFJBSJBF/actions/secrets/public-key {"message":"Bad credentials","documentation_url":"https://docs.github.com/rest","status":"401"}
[debug] [2025-02-27T00:45:01.494Z] >>> [apiv2][query] GET https://api.github.com/repos/monti15/NHBSDFJBSJBF/actions/secrets/public-key type=owner
[debug] [2025-02-27T00:45:02.222Z] <<< [apiv2][status] GET https://api.github.com/repos/monti15/NHBSDFJBSJBF/actions/secrets/public-key 401
[debug] [2025-02-27T00:45:02.222Z] <<< [apiv2][body] GET https://api.github.com/repos/monti15/NHBSDFJBSJBF/actions/secrets/public-key {"message":"Bad credentials","documentation_url":"https://docs.github.com/rest","status":"401"}
[debug] [2025-02-27T02:30:50.252Z] >>> [apiv2][query] GET https://api.github.com/repos/echo "# NHBSDFJBSJBF" >> README.md/actions/secrets/public-key type=owner
[debug] [2025-02-27T02:30:51.357Z] <<< [apiv2][status] GET https://api.github.com/repos/echo "# NHBSDFJBSJBF" >> README.md/actions/secrets/public-key 401
[debug] [2025-02-27T02:30:51.357Z] <<< [apiv2][body] GET https://api.github.com/repos/echo "# NHBSDFJBSJBF" >> README.md/actions/secrets/public-key {"message":"Bad credentials","documentation_url":"https://docs.github.com/rest","status":"401"}
